<?xml version="1.0" encoding="UTF-8"?>
<testsuite hostname="welcome-PC" name="Data.Login" tests="6" failures="0" timestamp="11 Jan 2016 18:22:22 GMT" time="0.03" errors="0">
  <testcase name="login" time="0.01" classname="Data.Login"/>
  <testcase name="login" time="0.0" classname="Data.Login"/>
  <testcase name="loginFAil" time="0.001" classname="Data.Login"/>
  <testcase name="loginFAil" time="0.0" classname="Data.Login"/>
  <testcase name="loginPasword" time="0.0" classname="Data.Login"/>
  <testcase name="loginSuccess" time="0.0" classname="Data.Login"/>
</testsuite>
