<?xml version="1.0" encoding="UTF-8"?>
<!-- Generated by org.testng.reporters.JUnitXMLReporter -->
<testsuite hostname="welcome-PC" name="Login" tests="3" failures="1" timestamp="11 Jan 2016 19:55:57 GMT" time="0.311" errors="0">
  <testcase name="xyzdata" time="0.119" classname="testng_listeners.logintest">
    <failure type="java.lang.AssertionError" message="expected [rudra] but found [anjali]">
      <![CDATA[java.lang.AssertionError: expected [rudra] but found [anjali]
	at testng_listeners.logintest.xyzdata(logintest.java:12)
... Removed 30 stack frames]]>
    </failure>
  </testcase> <!-- xyzdata -->
  <testcase name="xyzdataparttial" time="0.0" classname="testng_listeners.logintest">
    <skipped/>
  </testcase> <!-- xyzdataparttial -->
  <testcase name="xyzdatawhole" time="0.001" classname="testng_listeners.logintest"/>
</testsuite> <!-- Login -->
