<?xml version="1.0" encoding="UTF-8"?>
<testng-results skipped="0" failed="0" total="5" passed="5">
  <reporter-output>
  </reporter-output>
  <suite name="Default suite" duration-ms="197501" started-at="2016-02-07T20:26:10Z" finished-at="2016-02-07T20:29:28Z">
    <groups>
    </groups>
    <test name="Default test" duration-ms="197501" started-at="2016-02-07T20:26:10Z" finished-at="2016-02-07T20:29:28Z">
      <class name="Application.Login_Application">
        <test-method status="PASS" signature="Login(java.lang.String, java.lang.String, java.lang.String, java.lang.String)[pri:0, instance:Application.Login_Application@58ceff1]" name="Login" duration-ms="42777" started-at="2016-02-08T01:56:12Z" data-provider="getdata" finished-at="2016-02-08T01:56:55Z">
          <params>
            <param index="0">
              <value>
                <![CDATA[Mozila]]>
              </value>
            </param>
            <param index="1">
              <value>
                <![CDATA[vineeta.mishra]]>
              </value>
            </param>
            <param index="2">
              <value>
                <![CDATA[Test1234]]>
              </value>
            </param>
            <param index="3">
              <value>
                <![CDATA[CaseA]]>
              </value>
            </param>
          </params>
          <reporter-output>
          </reporter-output>
        </test-method> <!-- Login -->
        <test-method status="PASS" signature="Login(java.lang.String, java.lang.String, java.lang.String, java.lang.String)[pri:0, instance:Application.Login_Application@58ceff1]" name="Login" duration-ms="43674" started-at="2016-02-08T01:56:55Z" data-provider="getdata" finished-at="2016-02-08T01:57:38Z">
          <params>
            <param index="0">
              <value>
                <![CDATA[Chrome]]>
              </value>
            </param>
            <param index="1">
              <value>
                <![CDATA[vineeta.mishra]]>
              </value>
            </param>
            <param index="2">
              <value>
                <![CDATA[Test1234]]>
              </value>
            </param>
            <param index="3">
              <value>
                <![CDATA[CaseA]]>
              </value>
            </param>
          </params>
          <reporter-output>
          </reporter-output>
        </test-method> <!-- Login -->
        <test-method status="PASS" signature="Login(java.lang.String, java.lang.String, java.lang.String, java.lang.String)[pri:0, instance:Application.Login_Application@58ceff1]" name="Login" duration-ms="36497" started-at="2016-02-08T01:57:38Z" data-provider="getdata" finished-at="2016-02-08T01:58:15Z">
          <params>
            <param index="0">
              <value>
                <![CDATA[Mozila]]>
              </value>
            </param>
            <param index="1">
              <value>
                <![CDATA[vineeta.mishra]]>
              </value>
            </param>
            <param index="2">
              <value>
                <![CDATA[]]>
              </value>
            </param>
            <param index="3">
              <value>
                <![CDATA[CaseB]]>
              </value>
            </param>
          </params>
          <reporter-output>
          </reporter-output>
        </test-method> <!-- Login -->
        <test-method status="PASS" signature="Login(java.lang.String, java.lang.String, java.lang.String, java.lang.String)[pri:0, instance:Application.Login_Application@58ceff1]" name="Login" duration-ms="34430" started-at="2016-02-08T01:58:15Z" data-provider="getdata" finished-at="2016-02-08T01:58:49Z">
          <params>
            <param index="0">
              <value>
                <![CDATA[Mozila]]>
              </value>
            </param>
            <param index="1">
              <value>
                <![CDATA[]]>
              </value>
            </param>
            <param index="2">
              <value>
                <![CDATA[Test1234]]>
              </value>
            </param>
            <param index="3">
              <value>
                <![CDATA[CaseC]]>
              </value>
            </param>
          </params>
          <reporter-output>
          </reporter-output>
        </test-method> <!-- Login -->
        <test-method status="PASS" signature="Login(java.lang.String, java.lang.String, java.lang.String, java.lang.String)[pri:0, instance:Application.Login_Application@58ceff1]" name="Login" duration-ms="38771" started-at="2016-02-08T01:58:49Z" data-provider="getdata" finished-at="2016-02-08T01:59:28Z">
          <params>
            <param index="0">
              <value>
                <![CDATA[Mozila]]>
              </value>
            </param>
            <param index="1">
              <value>
                <![CDATA[vineetamishra]]>
              </value>
            </param>
            <param index="2">
              <value>
                <![CDATA[Test1234]]>
              </value>
            </param>
            <param index="3">
              <value>
                <![CDATA[CaseD]]>
              </value>
            </param>
          </params>
          <reporter-output>
          </reporter-output>
        </test-method> <!-- Login -->
      </class> <!-- Application.Login_Application -->
    </test> <!-- Default test -->
  </suite> <!-- Default suite -->
</testng-results>
