<?xml version="1.0" encoding="UTF-8"?>
<testsuite hostname="welcome-PC" name="test.LogoutTest" tests="1" failures="0" timestamp="11 Jan 2016 06:47:59 GMT" time="0.006" errors="0">
  <testcase name="@BeforeTest beforeTest" time="0.0" classname="test.LogoutTest">
    <skipped/>
  </testcase>
  <testcase name="@BeforeMethod beforeMethod" time="0.0" classname="test.LogoutTest">
    <skipped/>
  </testcase>
  <testcase name="@AfterMethod afterMethod" time="0.0" classname="test.LogoutTest">
    <skipped/>
  </testcase>
  <testcase name="@AfterTest afterTest" time="0.0" classname="test.LogoutTest">
    <skipped/>
  </testcase>
  <testcase name="foooool" time="0.001" classname="test.LogoutTest">
    <skipped/>
  </testcase>
</testsuite>
