<?xml version="1.0" encoding="UTF-8"?>
<!-- Generated by org.testng.reporters.JUnitXMLReporter -->
<testsuite hostname="welcome-PC" name="Default test" tests="3" failures="0" timestamp="10 Jan 2016 20:21:08 GMT" time="0.069" errors="0">
  <testcase name="parameterization" time="0.008" classname="YahooKaApna.LoginTest"/>
  <testcase name="parameterization" time="0.001" classname="YahooKaApna.LoginTest"/>
  <testcase name="parameterization" time="0.001" classname="YahooKaApna.LoginTest"/>
</testsuite> <!-- Default test -->
