<?xml version="1.0" encoding="UTF-8"?>
<!-- Generated by org.testng.reporters.JUnitXMLReporter -->
<testsuite hostname="welcome-PC" name="Default test" tests="5" failures="0" timestamp="7 Feb 2016 20:29:28 GMT" time="197.501" errors="0">
  <testcase name="Login" time="42.777" classname="Application.Login_Application"/>
  <testcase name="Login" time="43.674" classname="Application.Login_Application"/>
  <testcase name="Login" time="36.497" classname="Application.Login_Application"/>
  <testcase name="Login" time="34.43" classname="Application.Login_Application"/>
  <testcase name="Login" time="38.771" classname="Application.Login_Application"/>
</testsuite> <!-- Default test -->
