<?xml version="1.0" encoding="UTF-8"?>
<!-- Generated by org.testng.reporters.JUnitXMLReporter -->
<testsuite hostname="welcome-PC" name="Selling Books" tests="1" failures="0" timestamp="10 Jan 2016 19:44:47 GMT" time="0.006" errors="0">
  <testcase name="@BeforeTest beforeTest" time="0.0" classname="YahooKaApna.LogoutTest">
    <skipped/>
  </testcase> <!-- @BeforeTest beforeTest -->
  <testcase name="@BeforeMethod beforeMethod" time="0.0" classname="YahooKaApna.LogoutTest">
    <skipped/>
  </testcase> <!-- @BeforeMethod beforeMethod -->
  <testcase name="@AfterMethod afterMethod" time="0.0" classname="YahooKaApna.LogoutTest">
    <skipped/>
  </testcase> <!-- @AfterMethod afterMethod -->
  <testcase name="@AfterTest afterTest" time="0.0" classname="YahooKaApna.LogoutTest">
    <skipped/>
  </testcase> <!-- @AfterTest afterTest -->
  <testcase name="foooool" time="0.001" classname="YahooKaApna.LogoutTest">
    <skipped/>
  </testcase> <!-- foooool -->
</testsuite> <!-- Selling Books -->
