<?xml version="1.0" encoding="UTF-8"?>
<testng-results skipped="0" failed="0" total="3" passed="3">
  <reporter-output>
  </reporter-output>
  <suite name="Default suite" duration-ms="69" started-at="2016-01-10T20:21:08Z" finished-at="2016-01-10T20:21:08Z">
    <groups>
    </groups>
    <test name="Default test" duration-ms="69" started-at="2016-01-10T20:21:08Z" finished-at="2016-01-10T20:21:08Z">
      <class name="YahooKaApna.LoginTest">
        <test-method status="PASS" signature="beforeTest()[pri:0, instance:YahooKaApna.LoginTest@c39f790]" name="beforeTest" is-config="true" duration-ms="29" started-at="2016-01-11T01:51:08Z" finished-at="2016-01-11T01:51:08Z">
          <reporter-output>
          </reporter-output>
        </test-method> <!-- beforeTest -->
        <test-method status="PASS" signature="beforeMethod()[pri:0, instance:YahooKaApna.LoginTest@c39f790]" name="beforeMethod" is-config="true" duration-ms="3" started-at="2016-01-11T01:51:08Z" finished-at="2016-01-11T01:51:08Z">
          <reporter-output>
          </reporter-output>
        </test-method> <!-- beforeMethod -->
        <test-method status="PASS" signature="parameterization(java.lang.String, java.lang.String)[pri:0, instance:YahooKaApna.LoginTest@c39f790]" name="parameterization" duration-ms="8" started-at="2016-01-11T01:51:08Z" data-provider="registerdata" finished-at="2016-01-11T01:51:08Z">
          <params>
            <param index="0">
              <value>
                <![CDATA[email]]>
              </value>
            </param>
            <param index="1">
              <value>
                <![CDATA[password1]]>
              </value>
            </param>
          </params>
          <reporter-output>
          </reporter-output>
        </test-method> <!-- parameterization -->
        <test-method status="PASS" signature="afterMethod()[pri:0, instance:YahooKaApna.LoginTest@c39f790]" name="afterMethod" is-config="true" duration-ms="1" started-at="2016-01-11T01:51:08Z" finished-at="2016-01-11T01:51:08Z">
          <reporter-output>
          </reporter-output>
        </test-method> <!-- afterMethod -->
        <test-method status="PASS" signature="parameterization(java.lang.String, java.lang.String)[pri:0, instance:YahooKaApna.LoginTest@c39f790]" name="parameterization" duration-ms="1" started-at="2016-01-11T01:51:08Z" data-provider="registerdata" finished-at="2016-01-11T01:51:08Z">
          <params>
            <param index="0">
              <value>
                <![CDATA[email2]]>
              </value>
            </param>
            <param index="1">
              <value>
                <![CDATA[password2]]>
              </value>
            </param>
          </params>
          <reporter-output>
          </reporter-output>
        </test-method> <!-- parameterization -->
        <test-method status="PASS" signature="beforeMethod()[pri:0, instance:YahooKaApna.LoginTest@c39f790]" name="beforeMethod" is-config="true" duration-ms="0" started-at="2016-01-11T01:51:08Z" finished-at="2016-01-11T01:51:08Z">
          <reporter-output>
          </reporter-output>
        </test-method> <!-- beforeMethod -->
        <test-method status="PASS" signature="afterMethod()[pri:0, instance:YahooKaApna.LoginTest@c39f790]" name="afterMethod" is-config="true" duration-ms="1" started-at="2016-01-11T01:51:08Z" finished-at="2016-01-11T01:51:08Z">
          <reporter-output>
          </reporter-output>
        </test-method> <!-- afterMethod -->
        <test-method status="PASS" signature="parameterization(java.lang.String, java.lang.String)[pri:0, instance:YahooKaApna.LoginTest@c39f790]" name="parameterization" duration-ms="1" started-at="2016-01-11T01:51:08Z" data-provider="registerdata" finished-at="2016-01-11T01:51:08Z">
          <params>
            <param index="0">
              <value is-null="true"/>
            </param>
            <param index="1">
              <value is-null="true"/>
            </param>
          </params>
          <reporter-output>
          </reporter-output>
        </test-method> <!-- parameterization -->
        <test-method status="PASS" signature="beforeMethod()[pri:0, instance:YahooKaApna.LoginTest@c39f790]" name="beforeMethod" is-config="true" duration-ms="0" started-at="2016-01-11T01:51:08Z" finished-at="2016-01-11T01:51:08Z">
          <reporter-output>
          </reporter-output>
        </test-method> <!-- beforeMethod -->
        <test-method status="PASS" signature="afterMethod()[pri:0, instance:YahooKaApna.LoginTest@c39f790]" name="afterMethod" is-config="true" duration-ms="0" started-at="2016-01-11T01:51:08Z" finished-at="2016-01-11T01:51:08Z">
          <reporter-output>
          </reporter-output>
        </test-method> <!-- afterMethod -->
        <test-method status="PASS" signature="afterTest()[pri:0, instance:YahooKaApna.LoginTest@c39f790]" name="afterTest" is-config="true" duration-ms="1" started-at="2016-01-11T01:51:08Z" finished-at="2016-01-11T01:51:08Z">
          <reporter-output>
          </reporter-output>
        </test-method> <!-- afterTest -->
      </class> <!-- YahooKaApna.LoginTest -->
    </test> <!-- Default test -->
  </suite> <!-- Default suite -->
</testng-results>
